<?xml version="1.0" encoding="UTF-8"?>
<!-- Generated by org.testng.reporters.JUnitReportReporter -->
<testsuite hostname="dev-vm" name="selenium.test.LoginTest" tests="2" failures="0" timestamp="24 Apr 2022 12:47:34 GMT" time="17.417" errors="0">
  <testcase name="test_loginToApplication" time="11.698" classname="selenium.test.LoginTest"/>
  <testcase name="test_navigateToWebsite" time="5.719" classname="selenium.test.LoginTest"/>
</testsuite> <!-- selenium.test.LoginTest -->
