<?xml version="1.0" encoding="UTF-8"?>
<!-- Generated by org.testng.reporters.JUnitReportReporter -->
<testsuite hostname="dev-vm" name="selenium.test.RepositoryTest" tests="6" failures="0" timestamp="24 Apr 2022 12:47:34 GMT" time="93.996" errors="0">
  <testcase name="test_getDynamicElementRepositoryList" time="16.491" classname="selenium.test.RepositoryTest"/>
  <testcase name="test_createNewRepository" time="25.067" classname="selenium.test.RepositoryTest"/>
  <testcase name="test_getStaticElementSummary" time="11.633" classname="selenium.test.RepositoryTest"/>
  <testcase name="test_getRepositoryCountXpath" time="14.374" classname="selenium.test.RepositoryTest"/>
  <testcase name="test_getRepositoryCountXpathAbs" time="13.245" classname="selenium.test.RepositoryTest"/>
  <testcase name="test_getRepositoryCountCssSelector" time="13.186" classname="selenium.test.RepositoryTest"/>
</testsuite> <!-- selenium.test.RepositoryTest -->
